2024-05-20 13:26:07,375 Using selector: EpollSelector
2024-05-20 13:26:08,068 Error: BrowserType.launch: Target page, context or browser has been closed
Browser logs:

<launching> /home/runner/.cache/ms-playwright/chromium-1117/chrome-linux/chrome --disable-field-trial-config --disable-background-networking --enable-features=NetworkService,NetworkServiceInProcess --disable-background-timer-throttling --disable-backgrounding-occluded-windows --disable-back-forward-cache --disable-breakpad --disable-client-side-phishing-detection --disable-component-extensions-with-background-pages --disable-component-update --no-default-browser-check --disable-default-apps --disable-dev-shm-usage --disable-extensions --disable-features=ImprovedCookieControls,LazyFrameLoading,GlobalMediaControls,DestroyProfileOnBrowserClose,MediaRouter,DialMediaRouteProvider,AcceptCHFrame,AutoExpandDetailsElement,CertificateTransparencyComponentUpdater,AvoidUnnecessaryBeforeUnloadCheckSync,Translate,HttpsUpgrades,PaintHolding --allow-pre-commit-input --disable-hang-monitor --disable-ipc-flooding-protection --disable-popup-blocking --disable-prompt-on-repost --disable-renderer-backgrounding --force-color-profile=srgb --metrics-recording-only --no-first-run --enable-automation --password-store=basic --use-mock-keychain --no-service-autorun --export-tagged-pdf --disable-search-engine-choice-screen --headless --hide-scrollbars --mute-audio --blink-settings=primaryHoverType=2,availableHoverTypes=2,primaryPointerType=4,availablePointerTypes=4 --no-sandbox --disable-gpu --single-process --user-data-dir=/tmp/playwright_chromiumdev_profile-XXXXXXbx9m0M --remote-debugging-pipe --no-startup-window
<launched> pid=2961
[pid=2961][err] [0520/132607.688917:WARNING:audio_manager_linux.cc(53)] Falling back to ALSA for audio output. PulseAudio is not available or could not be initialized.
[pid=2961][err] Received signal 11 SI_KERNEL000000000000
[pid=2961][err]  Possibly a General Protection Fault, can be due to a non-canonical address dereference. See "Intel 64 and IA-32 Architectures Software Developer’s Manual", Volume 1, Section 3.3.7.1.
[pid=2961][err] #0 0x5563b9bb9332 base::debug::CollectStackTrace()
[pid=2961][err] #1 0x5563b9ba69fe base::debug::StackTrace::StackTrace()
[pid=2961][err] #2 0x5563b9bb8d41 base::debug::(anonymous namespace)::StackDumpSignalHandler()
[pid=2961][err] #3 0x7f40ef842520 (/usr/lib/x86_64-linux-gnu/libc.so.6+0x4251f)
[pid=2961][err] #4 0x7f40ef844c1d getenv
[pid=2961][err] #5 0x5563ba59f4cf IA__FcConfigGetFilename
[pid=2961][err] #6 0x5563ba5bc0fc FcParseInclude
[pid=2961][err] #7 0x5563ba5bb82f FcEndElement
[pid=2961][err] #8 0x5563ba5da3df xmlParseEndTag1
[pid=2961][err] #9 0x5563ba5dd926 xmlParseChunk
[pid=2961][err] #10 0x5563ba5bade7 FcConfigParseAndLoadFromMemoryInternal
[pid=2961][err] #11 0x5563ba5ba92c _FcConfigParse
[pid=2961][err] #12 0x5563ba5adfcb FcInitLoadOwnConfig
[pid=2961][err] #13 0x5563ba5ae221 IA__FcInitLoadConfigAndFonts
[pid=2961][err] #14 0x5563ba59e3f1 FcConfigInit
[pid=2961][err] #15 0x5563bae44e45 base::NoDestructor<>::NoDestructor<>()
[pid=2961][err] #16 0x5563bae44dd6 base::internal::Invoker<>::RunOnce()
[pid=2961][err] #17 0x5563b9b4cf9f base::TaskAnnotator::RunTaskImpl()
[pid=2961][err] #18 0x5563b9b6e717 base::internal::TaskTracker::RunTaskImpl()
[pid=2961][err] #19 0x5563b9b6e7b1 base::internal::TaskTracker::RunSkipOnShutdown()
[pid=2961][err] #20 0x5563b9b6e486 base::internal::TaskTracker::RunTask()
[pid=2961][err] #21 0x5563b9b6e010 base::internal::TaskTracker::RunAndPopNextTask()
[pid=2961][err] #22 0x5563b9b7ff38 base::internal::WorkerThread::RunWorker()
[pid=2961][err] #23 0x5563b9b7fb6d base::internal::WorkerThread::RunPooledWorker()
[pid=2961][err] #24 0x5563b9b7fa6d base::internal::WorkerThread::ThreadMain()
[pid=2961][err] #25 0x5563b9b9c4ca base::(anonymous namespace)::ThreadFunc()
[pid=2961][err] #26 0x7f40ef894ac3 (/usr/lib/x86_64-linux-gnu/libc.so.6+0x94ac2)
[pid=2961][err] #27 0x7f40ef926850 (/usr/lib/x86_64-linux-gnu/libc.so.6+0x12684f)
[pid=2961][err]   r8: 00000fe400415e00  r9: 0000000000000000 r10: 000000000000000a r11: 0000000000000206
[pid=2961][err]  r12: 00dc2200e40f0000 r13: 000000000000000f r14: 000000000000000d r15: 00005563b2b04932
[pid=2961][err]   di: 00005563b2b04930  si: 00007f40e9e4ba10  bp: 0000000000004f46  bx: 00000fe40022c800
[pid=2961][err]   dx: 00005563b2b04930  ax: 000000000000000f  cx: 0000000000000004  sp: 00007f40e9e4b620
[pid=2961][err]   ip: 00007f40ef844c1d efl: 0000000000010206 cgf: 002b000000000033 erf: 0000000000000000
[pid=2961][err]  trp: 000000000000000d msk: 0000000000000000 cr2: 0000000000000000
[pid=2961][err] [end of stack trace]
Call log:
<launching> /home/runner/.cache/ms-playwright/chromium-1117/chrome-linux/chrome --disable-field-trial-config --disable-background-networking --enable-features=NetworkService,NetworkServiceInProcess --disable-background-timer-throttling --disable-backgrounding-occluded-windows --disable-back-forward-cache --disable-breakpad --disable-client-side-phishing-detection --disable-component-extensions-with-background-pages --disable-component-update --no-default-browser-check --disable-default-apps --disable-dev-shm-usage --disable-extensions --disable-features=ImprovedCookieControls,LazyFrameLoading,GlobalMediaControls,DestroyProfileOnBrowserClose,MediaRouter,DialMediaRouteProvider,AcceptCHFrame,AutoExpandDetailsElement,CertificateTransparencyComponentUpdater,AvoidUnnecessaryBeforeUnloadCheckSync,Translate,HttpsUpgrades,PaintHolding --allow-pre-commit-input --disable-hang-monitor --disable-ipc-flooding-protection --disable-popup-blocking --disable-prompt-on-repost --disable-renderer-backgrounding --force-color-profile=srgb --metrics-recording-only --no-first-run --enable-automation --password-store=basic --use-mock-keychain --no-service-autorun --export-tagged-pdf --disable-search-engine-choice-screen --headless --hide-scrollbars --mute-audio --blink-settings=primaryHoverType=2,availableHoverTypes=2,primaryPointerType=4,availablePointerTypes=4 --no-sandbox --disable-gpu --single-process --user-data-dir=/tmp/playwright_chromiumdev_profile-XXXXXXbx9m0M --remote-debugging-pipe --no-startup-window
  - <launched> pid=2961
  - [pid=2961][err] [0520/132607.688917:WARNING:audio_manager_linux.cc(53)] Falling back to ALSA for audio output. PulseAudio is not available or could not be initialized.
  - [pid=2961][err] Received signal 11 SI_KERNEL000000000000
  - [pid=2961][err]  Possibly a General Protection Fault, can be due to a non-canonical address dereference. See "Intel 64 and IA-32 Architectures Software Developer’s Manual", Volume 1, Section 3.3.7.1.
  - [pid=2961][err] #0 0x5563b9bb9332 base::debug::CollectStackTrace()
  - [pid=2961][err] #1 0x5563b9ba69fe base::debug::StackTrace::StackTrace()
  - [pid=2961][err] #2 0x5563b9bb8d41 base::debug::(anonymous namespace)::StackDumpSignalHandler()
  - [pid=2961][err] #3 0x7f40ef842520 (/usr/lib/x86_64-linux-gnu/libc.so.6+0x4251f)
  - [pid=2961][err] #4 0x7f40ef844c1d getenv
  - [pid=2961][err] #5 0x5563ba59f4cf IA__FcConfigGetFilename
  - [pid=2961][err] #6 0x5563ba5bc0fc FcParseInclude
  - [pid=2961][err] #7 0x5563ba5bb82f FcEndElement
  - [pid=2961][err] #8 0x5563ba5da3df xmlParseEndTag1
  - [pid=2961][err] #9 0x5563ba5dd926 xmlParseChunk
  - [pid=2961][err] #10 0x5563ba5bade7 FcConfigParseAndLoadFromMemoryInternal
  - [pid=2961][err] #11 0x5563ba5ba92c _FcConfigParse
  - [pid=2961][err] #12 0x5563ba5adfcb FcInitLoadOwnConfig
  - [pid=2961][err] #13 0x5563ba5ae221 IA__FcInitLoadConfigAndFonts
  - [pid=2961][err] #14 0x5563ba59e3f1 FcConfigInit
  - [pid=2961][err] #15 0x5563bae44e45 base::NoDestructor<>::NoDestructor<>()
  - [pid=2961][err] #16 0x5563bae44dd6 base::internal::Invoker<>::RunOnce()
  - [pid=2961][err] #17 0x5563b9b4cf9f base::TaskAnnotator::RunTaskImpl()
  - [pid=2961][err] #18 0x5563b9b6e717 base::internal::TaskTracker::RunTaskImpl()
  - [pid=2961][err] #19 0x5563b9b6e7b1 base::internal::TaskTracker::RunSkipOnShutdown()
  - [pid=2961][err] #20 0x5563b9b6e486 base::internal::TaskTracker::RunTask()
  - [pid=2961][err] #21 0x5563b9b6e010 base::internal::TaskTracker::RunAndPopNextTask()
  - [pid=2961][err] #22 0x5563b9b7ff38 base::internal::WorkerThread::RunWorker()
  - [pid=2961][err] #23 0x5563b9b7fb6d base::internal::WorkerThread::RunPooledWorker()
  - [pid=2961][err] #24 0x5563b9b7fa6d base::internal::WorkerThread::ThreadMain()
  - [pid=2961][err] #25 0x5563b9b9c4ca base::(anonymous namespace)::ThreadFunc()
  - [pid=2961][err] #26 0x7f40ef894ac3 (/usr/lib/x86_64-linux-gnu/libc.so.6+0x94ac2)
  - [pid=2961][err] #27 0x7f40ef926850 (/usr/lib/x86_64-linux-gnu/libc.so.6+0x12684f)
  - [pid=2961][err]   r8: 00000fe400415e00  r9: 0000000000000000 r10: 000000000000000a r11: 0000000000000206
  - [pid=2961][err]  r12: 00dc2200e40f0000 r13: 000000000000000f r14: 000000000000000d r15: 00005563b2b04932
  - [pid=2961][err]   di: 00005563b2b04930  si: 00007f40e9e4ba10  bp: 0000000000004f46  bx: 00000fe40022c800
  - [pid=2961][err]   dx: 00005563b2b04930  ax: 000000000000000f  cx: 0000000000000004  sp: 00007f40e9e4b620
  - [pid=2961][err]   ip: 00007f40ef844c1d efl: 0000000000010206 cgf: 002b000000000033 erf: 0000000000000000
  - [pid=2961][err]  trp: 000000000000000d msk: 0000000000000000 cr2: 0000000000000000
  - [pid=2961][err] [end of stack trace]

